This is XeTeX, Version 3.141592653-2.6-0.999996 (TeX Live 2024) (preloaded format=xelatex 2024.6.12)  29 JUL 2024 11:55
entering extended mode
 restricted \write18 enabled.
 file:line:error style messages enabled.
 %&-line parsing enabled.
**/Users/administrator/Code/latex-documents/shared/templates/eisvogel
(/Users/administrator/Code/latex-documents/shared/templates/eisvogel.tex
LaTeX2e <2023-11-01> patch level 1
L3 programming layer <2024-02-20>

/Users/administrator/Code/latex-documents/shared/templates/eisvogel.tex:5: LaTeX Error: Missing \begin{document}.

See the LaTeX manual or LaTeX Companion for explanation.
Type  H <return>  for immediate help.
 ...                                              
                                                  
l.5 $
     if(CJKmainfont)$
You're in trouble here.  Try typing  <return>  to proceed.
If that doesn't work, type  X <return>  to quit.

LaTeX Font Info:    External font `cmex10' loaded for size
(Font)              <7> on input line 5.
LaTeX Font Info:    External font `cmex10' loaded for size
(Font)              <5> on input line 5.

! LaTeX Error: File `$if(beamer)$$documentclass$$else$$if(book)$scrbook$else$scrartcl$endif$$endif$.cls' not found.

Type X to quit or <RETURN> to proceed,
or enter new name. (Default extension: cls)

Enter file name: 
/Users/administrator/Code/latex-documents/shared/templates/eisvogel.tex:32: Emergency stop.
<read *> 
         
l.32 $
      if(beamer)$^^M
*** (cannot \read from terminal in nonstop modes)

 
Here is how much of TeX's memory you used:
 39 strings out of 474773
 1168 string characters out of 5757724
 1917839 words of memory out of 5000000
 22292 multiletter control sequences out of 15000+600000
 558069 words of font info for 36 fonts, out of 8000000 for 9000
 1348 hyphenation exceptions out of 8191
 19i,1n,29p,191b,57s stack positions out of 10000i,1000n,20000p,200000b,200000s
No pages of output.
